mode: set
github.com/arjunksofficial/tyk-task/cmd/apigw/main.go:16.13,18.16 2 0
github.com/arjunksofficial/tyk-task/cmd/apigw/main.go:18.16,20.3 1 0
github.com/arjunksofficial/tyk-task/cmd/apigw/main.go:21.2,26.40 6 0
github.com/arjunksofficial/tyk-task/cmd/apigw/main.go:26.40,28.17 2 0
github.com/arjunksofficial/tyk-task/cmd/apigw/main.go:28.17,30.4 1 0
github.com/arjunksofficial/tyk-task/cmd/apigw/main.go:32.3,36.90 2 0
github.com/arjunksofficial/tyk-task/cmd/apigw/main.go:36.90,50.4 8 0
github.com/arjunksofficial/tyk-task/cmd/apigw/main.go:51.3,51.67 1 0
github.com/arjunksofficial/tyk-task/cmd/apigw/main.go:54.2,55.59 2 0
github.com/arjunksofficial/tyk-task/internal/config/config.go:24.35,25.22 1 0
github.com/arjunksofficial/tyk-task/internal/config/config.go:25.22,27.3 1 0
github.com/arjunksofficial/tyk-task/internal/config/config.go:28.2,28.19 1 0
github.com/arjunksofficial/tyk-task/internal/config/config.go:34.3,35.21 1 0
github.com/arjunksofficial/tyk-task/internal/config/config.go:35.21,40.3 1 0
github.com/arjunksofficial/tyk-task/internal/config/config.go:41.2,41.17 1 0
github.com/arjunksofficial/tyk-task/internal/config/config.go:48.3,50.2 1 0
github.com/arjunksofficial/tyk-task/internal/config/config.go:54.36,58.45 4 0
github.com/arjunksofficial/tyk-task/internal/config/config.go:58.45,60.3 1 0
github.com/arjunksofficial/tyk-task/internal/config/config.go:61.2,61.46 1 0
github.com/arjunksofficial/tyk-task/internal/config/config.go:61.46,63.3 1 0
github.com/arjunksofficial/tyk-task/internal/config/config.go:64.2,64.17 1 0
github.com/arjunksofficial/tyk-task/internal/config/config.go:67.26,68.16 1 0
github.com/arjunksofficial/tyk-task/internal/config/config.go:68.16,71.17 3 0
github.com/arjunksofficial/tyk-task/internal/config/config.go:71.17,72.50 1 0
github.com/arjunksofficial/tyk-task/internal/config/config.go:75.2,75.12 1 0
github.com/arjunksofficial/tyk-task/cmd/tokengen/main.go:16.13,21.15 4 0
github.com/arjunksofficial/tyk-task/cmd/tokengen/main.go:21.15,22.53 1 0
github.com/arjunksofficial/tyk-task/cmd/tokengen/main.go:22.53,24.4 1 0
github.com/arjunksofficial/tyk-task/cmd/tokengen/main.go:28.2,40.16 4 0
github.com/arjunksofficial/tyk-task/cmd/tokengen/main.go:40.16,42.3 1 0
github.com/arjunksofficial/tyk-task/cmd/tokengen/main.go:45.2,47.16 3 0
github.com/arjunksofficial/tyk-task/cmd/tokengen/main.go:47.16,49.3 1 0
github.com/arjunksofficial/tyk-task/cmd/tokengen/main.go:51.2,52.37 2 0
github.com/arjunksofficial/tyk-task/cmd/sampleserver/main.go:11.13,13.12 1 0
github.com/arjunksofficial/tyk-task/cmd/sampleserver/main.go:13.12,18.67 4 0
github.com/arjunksofficial/tyk-task/cmd/sampleserver/main.go:18.67,20.4 1 0
github.com/arjunksofficial/tyk-task/cmd/sampleserver/main.go:24.2,28.65 4 0
github.com/arjunksofficial/tyk-task/cmd/sampleserver/main.go:28.65,30.3 1 0
github.com/arjunksofficial/tyk-task/cmd/sampleserver/main.go:33.60,42.2 2 0
github.com/arjunksofficial/tyk-task/cmd/sampleserver/main.go:44.59,53.2 2 0
github.com/arjunksofficial/tyk-task/cmd/sampleserver/main.go:55.69,59.2 3 0
github.com/arjunksofficial/tyk-task/internal/rediscli/redis.go:10.46,23.61 4 0
github.com/arjunksofficial/tyk-task/internal/rediscli/redis.go:23.61,25.3 1 0
github.com/arjunksofficial/tyk-task/internal/rediscli/redis.go:26.2,26.17 1 0
github.com/arjunksofficial/tyk-task/internal/rediscli/redis.go:32.37,33.24 1 0
github.com/arjunksofficial/tyk-task/internal/rediscli/redis.go:33.24,35.17 2 0
github.com/arjunksofficial/tyk-task/internal/rediscli/redis.go:35.17,36.58 1 0
github.com/arjunksofficial/tyk-task/internal/rediscli/redis.go:38.3,38.23 1 0
github.com/arjunksofficial/tyk-task/internal/rediscli/redis.go:40.2,40.20 1 0
github.com/arjunksofficial/tyk-task/internal/rediscli/redis.go:44.31,45.24 1 0
github.com/arjunksofficial/tyk-task/internal/rediscli/redis.go:45.24,46.45 1 0
github.com/arjunksofficial/tyk-task/internal/rediscli/redis.go:46.45,48.4 1 0
github.com/arjunksofficial/tyk-task/internal/rediscli/redis.go:49.3,49.20 1 0
github.com/arjunksofficial/tyk-task/internal/rediscli/redis.go:51.2,51.12 1 0
github.com/arjunksofficial/tyk-task/internal/token/services/mocks.go:19.17,23.19 3 0
github.com/arjunksofficial/tyk-task/internal/token/services/mocks.go:23.19,23.49 1 0
github.com/arjunksofficial/tyk-task/internal/token/services/mocks.go:25.2,25.13 1 0
github.com/arjunksofficial/tyk-task/internal/token/services/mocks.go:37.55,39.2 1 0
github.com/arjunksofficial/tyk-task/internal/token/services/mocks.go:42.80,45.19 2 0
github.com/arjunksofficial/tyk-task/internal/token/services/mocks.go:45.19,46.53 1 0
github.com/arjunksofficial/tyk-task/internal/token/services/mocks.go:49.2,50.76 2 0
github.com/arjunksofficial/tyk-task/internal/token/services/mocks.go:50.76,52.3 1 0
github.com/arjunksofficial/tyk-task/internal/token/services/mocks.go:52.8,54.3 1 0
github.com/arjunksofficial/tyk-task/internal/token/services/mocks.go:55.2,55.11 1 0
github.com/arjunksofficial/tyk-task/internal/token/services/mocks.go:66.111,68.2 1 0
github.com/arjunksofficial/tyk-task/internal/token/services/mocks.go:70.120,71.40 1 0
github.com/arjunksofficial/tyk-task/internal/token/services/mocks.go:71.40,73.21 2 0
github.com/arjunksofficial/tyk-task/internal/token/services/mocks.go:73.21,75.4 1 0
github.com/arjunksofficial/tyk-task/internal/token/services/mocks.go:76.3,77.21 2 0
github.com/arjunksofficial/tyk-task/internal/token/services/mocks.go:77.21,79.4 1 0
github.com/arjunksofficial/tyk-task/internal/token/services/mocks.go:80.3,83.4 1 0
github.com/arjunksofficial/tyk-task/internal/token/services/mocks.go:85.2,85.11 1 0
github.com/arjunksofficial/tyk-task/internal/token/services/mocks.go:88.89,91.2 2 0
github.com/arjunksofficial/tyk-task/internal/token/services/mocks.go:93.135,96.2 2 0
github.com/arjunksofficial/tyk-task/internal/token/services/mocks.go:99.97,102.19 2 0
github.com/arjunksofficial/tyk-task/internal/token/services/mocks.go:102.19,103.50 1 0
github.com/arjunksofficial/tyk-task/internal/token/services/mocks.go:106.2,108.96 3 0
github.com/arjunksofficial/tyk-task/internal/token/services/mocks.go:108.96,110.3 1 0
github.com/arjunksofficial/tyk-task/internal/token/services/mocks.go:111.2,111.87 1 0
github.com/arjunksofficial/tyk-task/internal/token/services/mocks.go:111.87,113.3 1 0
github.com/arjunksofficial/tyk-task/internal/token/services/mocks.go:113.8,115.3 1 0
github.com/arjunksofficial/tyk-task/internal/token/services/mocks.go:116.2,116.76 1 0
github.com/arjunksofficial/tyk-task/internal/token/services/mocks.go:116.76,118.3 1 0
github.com/arjunksofficial/tyk-task/internal/token/services/mocks.go:118.8,120.3 1 0
github.com/arjunksofficial/tyk-task/internal/token/services/mocks.go:121.2,121.15 1 0
github.com/arjunksofficial/tyk-task/internal/token/services/mocks.go:132.105,134.2 1 0
github.com/arjunksofficial/tyk-task/internal/token/services/mocks.go:136.114,137.40 1 0
github.com/arjunksofficial/tyk-task/internal/token/services/mocks.go:137.40,139.21 2 0
github.com/arjunksofficial/tyk-task/internal/token/services/mocks.go:139.21,141.4 1 0
github.com/arjunksofficial/tyk-task/internal/token/services/mocks.go:142.3,143.21 2 0
github.com/arjunksofficial/tyk-task/internal/token/services/mocks.go:143.21,145.4 1 0
github.com/arjunksofficial/tyk-task/internal/token/services/mocks.go:146.3,149.4 1 0
github.com/arjunksofficial/tyk-task/internal/token/services/mocks.go:151.2,151.11 1 0
github.com/arjunksofficial/tyk-task/internal/token/services/mocks.go:154.111,157.2 2 0
github.com/arjunksofficial/tyk-task/internal/token/services/mocks.go:159.149,162.2 2 0
github.com/arjunksofficial/tyk-task/internal/token/services/mocks.go:165.96,168.19 2 0
github.com/arjunksofficial/tyk-task/internal/token/services/mocks.go:168.19,169.60 1 0
github.com/arjunksofficial/tyk-task/internal/token/services/mocks.go:172.2,174.85 3 0
github.com/arjunksofficial/tyk-task/internal/token/services/mocks.go:174.85,176.3 1 0
github.com/arjunksofficial/tyk-task/internal/token/services/mocks.go:177.2,177.76 1 0
github.com/arjunksofficial/tyk-task/internal/token/services/mocks.go:177.76,179.3 1 0
github.com/arjunksofficial/tyk-task/internal/token/services/mocks.go:179.8,181.3 1 0
github.com/arjunksofficial/tyk-task/internal/token/services/mocks.go:182.2,182.76 1 0
github.com/arjunksofficial/tyk-task/internal/token/services/mocks.go:182.76,184.3 1 0
github.com/arjunksofficial/tyk-task/internal/token/services/mocks.go:184.8,186.3 1 0
github.com/arjunksofficial/tyk-task/internal/token/services/mocks.go:187.2,187.15 1 0
github.com/arjunksofficial/tyk-task/internal/token/services/mocks.go:198.125,200.2 1 0
github.com/arjunksofficial/tyk-task/internal/token/services/mocks.go:202.134,203.40 1 0
github.com/arjunksofficial/tyk-task/internal/token/services/mocks.go:203.40,205.21 2 0
github.com/arjunksofficial/tyk-task/internal/token/services/mocks.go:205.21,207.4 1 0
github.com/arjunksofficial/tyk-task/internal/token/services/mocks.go:208.3,209.21 2 0
github.com/arjunksofficial/tyk-task/internal/token/services/mocks.go:209.21,211.4 1 0
github.com/arjunksofficial/tyk-task/internal/token/services/mocks.go:212.3,215.4 1 0
github.com/arjunksofficial/tyk-task/internal/token/services/mocks.go:217.2,217.11 1 0
github.com/arjunksofficial/tyk-task/internal/token/services/mocks.go:220.112,223.2 2 0
github.com/arjunksofficial/tyk-task/internal/token/services/mocks.go:225.158,228.2 2 0
github.com/arjunksofficial/tyk-task/internal/token/services/mocks.go:231.89,234.19 2 0
github.com/arjunksofficial/tyk-task/internal/token/services/mocks.go:234.19,235.52 1 0
github.com/arjunksofficial/tyk-task/internal/token/services/mocks.go:238.2,239.86 2 0
github.com/arjunksofficial/tyk-task/internal/token/services/mocks.go:239.86,241.3 1 0
github.com/arjunksofficial/tyk-task/internal/token/services/mocks.go:241.8,243.3 1 0
github.com/arjunksofficial/tyk-task/internal/token/services/mocks.go:244.2,244.11 1 0
github.com/arjunksofficial/tyk-task/internal/token/services/mocks.go:255.109,257.2 1 0
github.com/arjunksofficial/tyk-task/internal/token/services/mocks.go:259.128,260.40 1 0
github.com/arjunksofficial/tyk-task/internal/token/services/mocks.go:260.40,262.21 2 0
github.com/arjunksofficial/tyk-task/internal/token/services/mocks.go:262.21,264.4 1 0
github.com/arjunksofficial/tyk-task/internal/token/services/mocks.go:265.3,266.21 2 0
github.com/arjunksofficial/tyk-task/internal/token/services/mocks.go:266.21,268.4 1 0
github.com/arjunksofficial/tyk-task/internal/token/services/mocks.go:269.3,272.4 1 0
github.com/arjunksofficial/tyk-task/internal/token/services/mocks.go:274.2,274.11 1 0
github.com/arjunksofficial/tyk-task/internal/token/services/mocks.go:277.87,280.2 2 0
github.com/arjunksofficial/tyk-task/internal/token/services/mocks.go:282.143,285.2 2 0
github.com/arjunksofficial/tyk-task/internal/token/services/service.go:25.20,29.2 1 0
github.com/arjunksofficial/tyk-task/internal/token/services/service.go:30.89,35.16 3 0
github.com/arjunksofficial/tyk-task/internal/token/services/service.go:35.16,36.23 1 0
github.com/arjunksofficial/tyk-task/internal/token/services/service.go:36.23,38.4 1 0
github.com/arjunksofficial/tyk-task/internal/token/services/service.go:39.3,39.33 1 0
github.com/arjunksofficial/tyk-task/internal/token/services/service.go:42.2,43.65 2 0
github.com/arjunksofficial/tyk-task/internal/token/services/service.go:43.65,45.3 1 0
github.com/arjunksofficial/tyk-task/internal/token/services/service.go:47.2,47.23 1 0
github.com/arjunksofficial/tyk-task/internal/token/services/service.go:50.81,53.16 3 0
github.com/arjunksofficial/tyk-task/internal/token/services/service.go:53.16,55.3 1 0
github.com/arjunksofficial/tyk-task/internal/token/services/service.go:58.2,58.51 1 0
github.com/arjunksofficial/tyk-task/internal/token/services/service.go:61.72,65.2 2 0
github.com/arjunksofficial/tyk-task/internal/token/services/service.go:67.88,74.16 4 0
github.com/arjunksofficial/tyk-task/internal/token/services/service.go:74.16,76.3 1 0
github.com/arjunksofficial/tyk-task/internal/token/services/service.go:79.2,79.16 1 0
github.com/arjunksofficial/tyk-task/internal/token/services/service.go:79.16,81.3 1 0
github.com/arjunksofficial/tyk-task/internal/token/services/service.go:83.2,83.19 1 0
github.com/arjunksofficial/tyk-task/internal/token/models/models.go:21.41,28.2 1 0
github.com/arjunksofficial/tyk-task/internal/token/models/models.go:30.47,33.2 1 0
github.com/arjunksofficial/tyk-task/internal/token/models/models.go:35.45,37.2 1 0
github.com/arjunksofficial/tyk-task/internal/token/models/models.go:40.55,42.2 1 0
github.com/arjunksofficial/tyk-task/internal/token/models/models.go:45.38,46.23 1 0
github.com/arjunksofficial/tyk-task/internal/token/models/models.go:46.23,48.3 1 0
github.com/arjunksofficial/tyk-task/internal/token/models/models.go:49.2,50.16 2 0
github.com/arjunksofficial/tyk-task/internal/token/models/models.go:50.16,52.3 1 0
github.com/arjunksofficial/tyk-task/internal/token/models/models.go:53.2,53.37 1 0
github.com/arjunksofficial/tyk-task/internal/token/models/models.go:57.53,58.47 1 0
github.com/arjunksofficial/tyk-task/internal/token/models/models.go:58.47,59.166 1 0
github.com/arjunksofficial/tyk-task/internal/token/models/models.go:59.166,61.4 1 0
github.com/arjunksofficial/tyk-task/internal/token/models/models.go:63.2,63.14 1 0
github.com/arjunksofficial/tyk-task/internal/token/models/models.go:67.61,69.2 1 0
github.com/arjunksofficial/tyk-task/internal/token/models/models.go:72.46,74.16 2 0
github.com/arjunksofficial/tyk-task/internal/token/models/models.go:74.16,76.3 1 0
github.com/arjunksofficial/tyk-task/internal/token/models/models.go:77.2,77.26 1 0
github.com/arjunksofficial/tyk-task/internal/token/models/models.go:82.53,85.16 3 0
github.com/arjunksofficial/tyk-task/internal/token/models/models.go:85.16,87.3 1 0
github.com/arjunksofficial/tyk-task/internal/token/models/models.go:88.2,88.20 1 0
github.com/arjunksofficial/tyk-task/internal/token/models/models.go:92.37,94.16 2 0
github.com/arjunksofficial/tyk-task/internal/token/models/models.go:94.16,96.3 1 0
github.com/arjunksofficial/tyk-task/internal/token/models/models.go:97.2,97.13 1 0
github.com/arjunksofficial/tyk-task/internal/token/models/models.go:101.36,103.2 1 0
github.com/arjunksofficial/tyk-task/internal/token/models/models.go:106.68,108.2 1 0
github.com/arjunksofficial/tyk-task/internal/token/models/models.go:111.57,113.2 1 0
github.com/arjunksofficial/tyk-task/internal/token/models/models.go:116.90,118.2 1 0
github.com/arjunksofficial/tyk-task/internal/middlewares/logging/log.go:17.63,19.2 1 0
github.com/arjunksofficial/tyk-task/internal/middlewares/logging/log.go:21.49,24.2 2 0
github.com/arjunksofficial/tyk-task/internal/middlewares/logging/log.go:26.56,29.2 2 0
github.com/arjunksofficial/tyk-task/internal/middlewares/logging/log.go:31.56,32.71 1 0
github.com/arjunksofficial/tyk-task/internal/middlewares/logging/log.go:32.71,48.3 5 0
github.com/arjunksofficial/tyk-task/internal/middlewares/auth/auth.go:17.42,21.2 1 0
github.com/arjunksofficial/tyk-task/internal/middlewares/auth/auth.go:24.73,25.71 1 1
github.com/arjunksofficial/tyk-task/internal/middlewares/auth/auth.go:25.71,28.19 2 1
github.com/arjunksofficial/tyk-task/internal/middlewares/auth/auth.go:28.19,31.4 2 1
github.com/arjunksofficial/tyk-task/internal/middlewares/auth/auth.go:33.3,33.49 1 1
github.com/arjunksofficial/tyk-task/internal/middlewares/auth/auth.go:33.49,35.4 1 1
github.com/arjunksofficial/tyk-task/internal/middlewares/auth/auth.go:36.3,37.17 2 1
github.com/arjunksofficial/tyk-task/internal/middlewares/auth/auth.go:37.17,38.24 1 1
github.com/arjunksofficial/tyk-task/internal/middlewares/auth/auth.go:38.24,40.5 1 1
github.com/arjunksofficial/tyk-task/internal/middlewares/auth/auth.go:40.10,42.5 1 1
github.com/arjunksofficial/tyk-task/internal/middlewares/auth/auth.go:43.4,43.10 1 1
github.com/arjunksofficial/tyk-task/internal/middlewares/auth/auth.go:46.3,46.23 1 1
github.com/arjunksofficial/tyk-task/internal/middlewares/auth/auth.go:46.23,49.4 2 1
github.com/arjunksofficial/tyk-task/internal/middlewares/auth/auth.go:51.3,56.23 4 1
github.com/arjunksofficial/tyk-task/internal/middlewares/ratelimit/ratelimit.go:20.52,24.2 1 0
github.com/arjunksofficial/tyk-task/internal/middlewares/ratelimit/ratelimit.go:27.81,28.71 1 1
github.com/arjunksofficial/tyk-task/internal/middlewares/ratelimit/ratelimit.go:28.71,31.19 2 1
github.com/arjunksofficial/tyk-task/internal/middlewares/ratelimit/ratelimit.go:31.19,34.4 2 1
github.com/arjunksofficial/tyk-task/internal/middlewares/ratelimit/ratelimit.go:36.3,36.49 1 1
github.com/arjunksofficial/tyk-task/internal/middlewares/ratelimit/ratelimit.go:36.49,38.4 1 1
github.com/arjunksofficial/tyk-task/internal/middlewares/ratelimit/ratelimit.go:39.3,40.17 2 1
github.com/arjunksofficial/tyk-task/internal/middlewares/ratelimit/ratelimit.go:40.17,41.24 1 1
github.com/arjunksofficial/tyk-task/internal/middlewares/ratelimit/ratelimit.go:41.24,43.5 1 1
github.com/arjunksofficial/tyk-task/internal/middlewares/ratelimit/ratelimit.go:43.10,45.5 1 1
github.com/arjunksofficial/tyk-task/internal/middlewares/ratelimit/ratelimit.go:46.4,46.10 1 1
github.com/arjunksofficial/tyk-task/internal/middlewares/ratelimit/ratelimit.go:49.3,50.17 2 1
github.com/arjunksofficial/tyk-task/internal/middlewares/ratelimit/ratelimit.go:50.17,53.4 2 1
github.com/arjunksofficial/tyk-task/internal/middlewares/ratelimit/ratelimit.go:55.3,55.41 1 1
github.com/arjunksofficial/tyk-task/internal/middlewares/ratelimit/ratelimit.go:55.41,58.4 2 1
github.com/arjunksofficial/tyk-task/internal/middlewares/ratelimit/ratelimit.go:61.3,62.47 2 1
github.com/arjunksofficial/tyk-task/internal/middlewares/ratelimit/ratelimit.go:62.47,63.38 1 1
github.com/arjunksofficial/tyk-task/internal/middlewares/ratelimit/ratelimit.go:63.38,65.10 2 1
github.com/arjunksofficial/tyk-task/internal/middlewares/ratelimit/ratelimit.go:69.3,69.15 1 1
github.com/arjunksofficial/tyk-task/internal/middlewares/ratelimit/ratelimit.go:69.15,72.4 2 1
github.com/arjunksofficial/tyk-task/internal/middlewares/ratelimit/ratelimit.go:75.3,80.17 4 1
github.com/arjunksofficial/tyk-task/internal/middlewares/ratelimit/ratelimit.go:80.17,83.4 2 1
github.com/arjunksofficial/tyk-task/internal/middlewares/ratelimit/ratelimit.go:85.3,85.35 1 1
github.com/arjunksofficial/tyk-task/internal/middlewares/ratelimit/ratelimit.go:85.35,88.4 2 1
github.com/arjunksofficial/tyk-task/internal/middlewares/ratelimit/ratelimit.go:89.3,92.23 4 1
github.com/arjunksofficial/tyk-task/internal/middlewares/ratelimit/ratelimit.go:97.43,98.38 1 1
github.com/arjunksofficial/tyk-task/internal/middlewares/ratelimit/ratelimit.go:98.38,100.3 1 0
github.com/arjunksofficial/tyk-task/internal/middlewares/ratelimit/ratelimit.go:101.2,101.24 1 1
